07-19 13:14:52 449 [140698766047040][DEBUG]æ—¥å¿—æ‰“å¼€
07-19 13:14:52 449 [140698766047040][DEBUG]open
07-19 13:14:52 449 [140698766047040][INFO]è¿›ç¨‹0åˆ›å»ºæˆåŠŸ pid = 2942
07-19 13:14:52 449 [140698766047040][INFO]è¿›ç¨‹1åˆ›å»ºæˆåŠŸ pid = 2943
07-19 13:14:52 449 [140698766047040][INFO]è¿›ç¨‹2åˆ›å»ºæˆåŠŸ pid = 2944
07-19 13:14:52 449 [140698766047040][INFO]è¿›ç¨‹3åˆ›å»ºæˆåŠŸ pid = 2945
07-19 13:14:52 450 [140698766047040][INFO]è¿›ç¨‹4åˆ›å»ºæˆåŠŸ pid = 2946
07-19 13:14:52 450 [140698766047040][INFO]è¿›ç¨‹5åˆ›å»ºæˆåŠŸ pid = 2947
07-19 13:14:52 450 [140698766047040][INFO]è¿›ç¨‹6åˆ›å»ºæˆåŠŸ pid = 2948
07-19 13:14:52 450 [140698766047040][INFO]è¿›ç¨‹7åˆ›å»ºæˆåŠŸ pid = 2949
07-19 13:14:52 450 [140698766047040][INFO]è¿›ç¨‹8åˆ›å»ºæˆåŠŸ pid = 2950
07-19 13:14:52 450 [140698766047040][INFO]è¿›ç¨‹9åˆ›å»ºæˆåŠŸ pid = 2951
07-19 13:14:52 450 [140698766047040][INFO]è¿›ç¨‹10åˆ›å»ºæˆåŠŸ pid = 2952
07-19 13:14:52 450 [140698766047040][INFO]è¿›ç¨‹11åˆ›å»ºæˆåŠŸ pid = 2953
07-19 13:14:52 450 [140698766047040][INFO]è¿›ç¨‹12åˆ›å»ºæˆåŠŸ pid = 2954
07-19 13:14:52 450 [140698766047040][INFO]è¿›ç¨‹13åˆ›å»ºæˆåŠŸ pid = 2955
07-19 13:14:52 450 [140698766047040][INFO]è¿›ç¨‹14åˆ›å»ºæˆåŠŸ pid = 2956
07-19 13:14:52 450 [140698766047040][INFO]è¿›ç¨‹15åˆ›å»ºæˆåŠŸ pid = 2957
07-19 13:14:52 450 [140698766047040][INFO]è¿›ç¨‹16åˆ›å»ºæˆåŠŸ pid = 2958
07-19 13:14:52 451 [140698766047040][INFO]è¿›ç¨‹17åˆ›å»ºæˆåŠŸ pid = 2959
07-19 13:14:52 451 [140698766047040][INFO]è¿›ç¨‹18åˆ›å»ºæˆåŠŸ pid = 2960
07-19 13:14:52 451 [140698766047040][INFO]è¿›ç¨‹19åˆ›å»ºæˆåŠŸ pid = 2961
07-19 13:15:01 065 [140698766047040][INFO]å»ºç«‹æ–°è¿æ¥pid = 2948 fd = 7
07-19 13:15:01 065 [140698766047040][INFO]å»ºç«‹æ–°è¿æ¥pid = 2956 fd = 7
07-19 13:15:01 065 [140698766047040][DEBUG]fd = 7 timerfd = 8 time_limit = 100000
07-19 13:15:01 065 [140698766047040][DEBUG]fd = 7 timerfd = 8 time_limit = 100000
07-19 13:15:01 065 [140698766047040][DEBUG]fd = 7,deal_read
07-19 13:15:01 065 [140698766047040][INFO]GET / HTTP/1.1
Host: 172.21.46.250:8000
Connection: keep-alive
Cache-Control: max-age=0
Upgrade-Insecure-Requests: 1
User-Agent: Mozilla/5.0 (Windows NT 10.0; Win64; x64) AppleWebKit/537.36 (KHTML, like Gecko) Chrome/114.0.0.0 Safari/537.36 Edg/114.0.1823.82
Accept: text/html,application/xhtml+xml,application/xml;q=0.9,image/webp,image/apng,*/*;q=0.8,application/signed-exchange;v=b3;q=0.7
Accept-Encoding: gzip, deflate
Accept-Language: zh-CN,zh;q=0.9,en;q=0.8,en-GB;q=0.7,en-US;q=0.6

ş
07-19 13:15:01 065 [140698766047040][DEBUG]fd = 7,deal_send
07-19 13:15:01 065 [140698766047040][DEBUG]fd = 7,deal_close
07-19 13:16:03 215 [140698766047040][DEBUG]fd = 7,deal_read
07-19 13:16:03 216 [140698766047040][INFO]
07-19 13:16:03 216 [140698766047040][DEBUG]fd = 7,deal_send
07-19 13:16:03 216 [140698766047040][DEBUG]fd = 7,deal_close
07-19 13:16:33 902 [140269451540288][DEBUG]æ—¥å¿—æ‰“å¼€
07-19 13:16:33 902 [140269451540288][DEBUG]open
07-19 13:16:33 902 [140269451540288][INFO]è¿›ç¨‹0åˆ›å»ºæˆåŠŸ pid = 3286
07-19 13:16:33 902 [140269451540288][INFO]è¿›ç¨‹1åˆ›å»ºæˆåŠŸ pid = 3287
07-19 13:16:33 903 [140269451540288][INFO]è¿›ç¨‹2åˆ›å»ºæˆåŠŸ pid = 3288
07-19 13:16:33 903 [140269451540288][INFO]è¿›ç¨‹3åˆ›å»ºæˆåŠŸ pid = 3289
07-19 13:16:33 903 [140269451540288][INFO]è¿›ç¨‹4åˆ›å»ºæˆåŠŸ pid = 3290
07-19 13:16:33 903 [140269451540288][INFO]è¿›ç¨‹5åˆ›å»ºæˆåŠŸ pid = 3291
07-19 13:16:33 903 [140269451540288][INFO]è¿›ç¨‹6åˆ›å»ºæˆåŠŸ pid = 3292
07-19 13:16:33 903 [140269451540288][INFO]è¿›ç¨‹7åˆ›å»ºæˆåŠŸ pid = 3293
07-19 13:16:33 903 [140269451540288][INFO]è¿›ç¨‹8åˆ›å»ºæˆåŠŸ pid = 3294
07-19 13:16:33 903 [140269451540288][INFO]è¿›ç¨‹9åˆ›å»ºæˆåŠŸ pid = 3295
07-19 13:16:33 903 [140269451540288][INFO]è¿›ç¨‹10åˆ›å»ºæˆåŠŸ pid = 3296
07-19 13:16:33 903 [140269451540288][INFO]è¿›ç¨‹11åˆ›å»ºæˆåŠŸ pid = 3297
07-19 13:16:33 903 [140269451540288][INFO]è¿›ç¨‹12åˆ›å»ºæˆåŠŸ pid = 3298
07-19 13:16:33 903 [140269451540288][INFO]è¿›ç¨‹13åˆ›å»ºæˆåŠŸ pid = 3299
07-19 13:16:33 903 [140269451540288][INFO]è¿›ç¨‹14åˆ›å»ºæˆåŠŸ pid = 3300
07-19 13:16:33 904 [140269451540288][INFO]è¿›ç¨‹15åˆ›å»ºæˆåŠŸ pid = 3301
07-19 13:16:33 904 [140269451540288][INFO]è¿›ç¨‹16åˆ›å»ºæˆåŠŸ pid = 3302
07-19 13:16:33 904 [140269451540288][INFO]è¿›ç¨‹17åˆ›å»ºæˆåŠŸ pid = 3303
07-19 13:16:33 904 [140269451540288][INFO]è¿›ç¨‹18åˆ›å»ºæˆåŠŸ pid = 3304
07-19 13:16:33 904 [140269451540288][INFO]è¿›ç¨‹19åˆ›å»ºæˆåŠŸ pid = 3305
07-19 13:16:47 328 [140269451540288][INFO]å»ºç«‹æ–°è¿æ¥pid = 3288 fd = 7
07-19 13:16:47 328 [140269451540288][INFO]å»ºç«‹æ–°è¿æ¥pid = 3287 fd = 7
07-19 13:16:47 328 [140269451540288][DEBUG]å®šæ—¶å™¨ fd = 7 timerfd = 8 time_limit = 100000
07-19 13:16:47 328 [140269451540288][DEBUG]å®šæ—¶å™¨ fd = 7 timerfd = 8 time_limit = 100000
07-19 13:16:47 328 [140269451540288][DEBUG]fd = 7,deal_read
07-19 13:16:47 328 [140269451540288][DEBUG]å®šæ—¶å™¨æ›´æ–° fd = 7 timerfd = 8
07-19 13:16:47 328 [140269451540288][INFO]GET / HTTP/1.1
Host: 172.21.46.250:8000
Connection: keep-alive
Cache-Control: max-age=0
Upgrade-Insecure-Requests: 1
User-Agent: Mozilla/5.0 (Windows NT 10.0; Win64; x64) AppleWebKit/537.36 (KHTML, like Gecko) Chrome/114.0.0.0 Safari/537.36 Edg/114.0.1823.82
Accept: text/html,application/xhtml+xml,application/xml;q=0.9,image/webp,image/apng,*/*;q=0.8,application/signed-exchange;v=b3;q=0.7
Accept-Encoding: gzip, deflate
Accept-Language: zh-CN,zh;q=0.9,en;q=0.8,en-GB;q=0.7,en-US;q=0.6


07-19 13:16:47 328 [140269451540288][DEBUG]fd = 7,deal_send
07-19 13:16:47 328 [140269451540288][DEBUG]fd = 7,deal_close
07-19 13:16:47 328 [140269451540288][DEBUG]å®šæ—¶å™¨åˆ é™¤ fd = 7 timerfd = 8
07-19 13:16:49 638 [140269451540288][DEBUG]fd = 7,deal_read
07-19 13:16:49 638 [140269451540288][DEBUG]å®šæ—¶å™¨æ›´æ–° fd = 7 timerfd = 8
07-19 13:16:49 638 [140269451540288][INFO]GET / HTTP/1.1
Host: 172.21.46.250:8000
Connection: keep-alive
Cache-Control: max-age=0
Upgrade-Insecure-Requests: 1
User-Agent: Mozilla/5.0 (Windows NT 10.0; Win64; x64) AppleWebKit/537.36 (KHTML, like Gecko) Chrome/114.0.0.0 Safari/537.36 Edg/114.0.1823.82
Accept: text/html,application/xhtml+xml,application/xml;q=0.9,image/webp,image/apng,*/*;q=0.8,application/signed-exchange;v=b3;q=0.7
Accept-Encoding: gzip, deflate
Accept-Language: zh-CN,zh;q=0.9,en;q=0.8,en-GB;q=0.7,en-US;q=0.6


07-19 13:16:49 638 [140269451540288][INFO]å»ºç«‹æ–°è¿æ¥pid = 3287 fd = 9
07-19 13:16:49 638 [140269451540288][DEBUG]å®šæ—¶å™¨ fd = 9 timerfd = 10 time_limit = 100000
07-19 13:16:49 638 [140269451540288][DEBUG]fd = 7,deal_send
07-19 13:16:49 638 [140269451540288][DEBUG]fd = 7,deal_close
07-19 13:16:49 638 [140269451540288][DEBUG]å®šæ—¶å™¨åˆ é™¤ fd = 7 timerfd = 8
